Using launch settings from F:\Workspaces\GreenHaven\GreenHaven.API\Properties\launchSettings.json...
Building...
F:\Workspaces\GreenHaven\GreenHaven.API\Controllers\UsersController.cs(106,19): warning CS8618: Non-nullable property 'FullName' must contain a non-null value when exiting constructor. Consider adding the 'required' modifier or declaring the property as nullable. [F:\Workspaces\GreenHaven\GreenHaven.API\GreenHaven.API.csproj]
F:\Workspaces\GreenHaven\GreenHaven.API\Controllers\UsersController.cs(107,19): warning CS8618: Non-nullable property 'Email' must contain a non-null value when exiting constructor. Consider adding the 'required' modifier or declaring the property as nullable. [F:\Workspaces\GreenHaven\GreenHaven.API\GreenHaven.API.csproj]
F:\Workspaces\GreenHaven\GreenHaven.API\Controllers\UsersController.cs(108,19): warning CS8618: Non-nullable property 'Role' must contain a non-null value when exiting constructor. Consider adding the 'required' modifier or declaring the property as nullable. [F:\Workspaces\GreenHaven\GreenHaven.API\GreenHaven.API.csproj]
F:\Workspaces\GreenHaven\GreenHaven.API\Controllers\AuthController.cs(143,19): warning CS8618: Non-nullable property 'Email' must contain a non-null value when exiting constructor. Consider adding the 'required' modifier or declaring the property as nullable. [F:\Workspaces\GreenHaven\GreenHaven.API\GreenHaven.API.csproj]
F:\Workspaces\GreenHaven\GreenHaven.API\Controllers\AuthController.cs(144,19): warning CS8618: Non-nullable property 'Password' must contain a non-null value when exiting constructor. Consider adding the 'required' modifier or declaring the property as nullable. [F:\Workspaces\GreenHaven\GreenHaven.API\GreenHaven.API.csproj]
F:\Workspaces\GreenHaven\GreenHaven.API\Controllers\AuthController.cs(149,19): warning CS8618: Non-nullable property 'Email' must contain a non-null value when exiting constructor. Consider adding the 'required' modifier or declaring the property as nullable. [F:\Workspaces\GreenHaven\GreenHaven.API\GreenHaven.API.csproj]
F:\Workspaces\GreenHaven\GreenHaven.API\Controllers\AuthController.cs(150,19): warning CS8618: Non-nullable property 'Password' must contain a non-null value when exiting constructor. Consider adding the 'required' modifier or declaring the property as nullable. [F:\Workspaces\GreenHaven\GreenHaven.API\GreenHaven.API.csproj]
F:\Workspaces\GreenHaven\GreenHaven.API\Entities\OrderItem.cs(15,22): warning CS8618: Non-nullable property 'Order' must contain a non-null value when exiting constructor. Consider adding the 'required' modifier or declaring the property as nullable. [F:\Workspaces\GreenHaven\GreenHaven.API\GreenHaven.API.csproj]
F:\Workspaces\GreenHaven\GreenHaven.API\Entities\OrderItem.cs(16,22): warning CS8618: Non-nullable property 'Plant' must contain a non-null value when exiting constructor. Consider adding the 'required' modifier or declaring the property as nullable. [F:\Workspaces\GreenHaven\GreenHaven.API\GreenHaven.API.csproj]
F:\Workspaces\GreenHaven\GreenHaven.API\DTOs\UpdateOrderDto.cs(5,23): warning CS8618: Non-nullable property 'Status' must contain a non-null value when exiting constructor. Consider adding the 'required' modifier or declaring the property as nullable. [F:\Workspaces\GreenHaven\GreenHaven.API\GreenHaven.API.csproj]
F:\Workspaces\GreenHaven\GreenHaven.API\DTOs\MessageDtos.cs(23,19): warning CS8618: Non-nullable property 'UserId' must contain a non-null value when exiting constructor. Consider adding the 'required' modifier or declaring the property as nullable. [F:\Workspaces\GreenHaven\GreenHaven.API\GreenHaven.API.csproj]
F:\Workspaces\GreenHaven\GreenHaven.API\DTOs\MessageDtos.cs(24,19): warning CS8618: Non-nullable property 'UserName' must contain a non-null value when exiting constructor. Consider adding the 'required' modifier or declaring the property as nullable. [F:\Workspaces\GreenHaven\GreenHaven.API\GreenHaven.API.csproj]
F:\Workspaces\GreenHaven\GreenHaven.API\DTOs\MessageDtos.cs(25,19): warning CS8618: Non-nullable property 'LastMessage' must contain a non-null value when exiting constructor. Consider adding the 'required' modifier or declaring the property as nullable. [F:\Workspaces\GreenHaven\GreenHaven.API\GreenHaven.API.csproj]
F:\Workspaces\GreenHaven\GreenHaven.API\DTOs\MessageDtos.cs(14,19): warning CS8618: Non-nullable property 'SenderId' must contain a non-null value when exiting constructor. Consider adding the 'required' modifier or declaring the property as nullable. [F:\Workspaces\GreenHaven\GreenHaven.API\GreenHaven.API.csproj]
F:\Workspaces\GreenHaven\GreenHaven.API\DTOs\MessageDtos.cs(15,19): warning CS8618: Non-nullable property 'SenderName' must contain a non-null value when exiting constructor. Consider adding the 'required' modifier or declaring the property as nullable. [F:\Workspaces\GreenHaven\GreenHaven.API\GreenHaven.API.csproj]
F:\Workspaces\GreenHaven\GreenHaven.API\DTOs\MessageDtos.cs(16,19): warning CS8618: Non-nullable property 'Content' must contain a non-null value when exiting constructor. Consider adding the 'required' modifier or declaring the property as nullable. [F:\Workspaces\GreenHaven\GreenHaven.API\GreenHaven.API.csproj]
F:\Workspaces\GreenHaven\GreenHaven.API\DTOs\MessageDtos.cs(7,19): warning CS8618: Non-nullable property 'Content' must contain a non-null value when exiting constructor. Consider adding the 'required' modifier or declaring the property as nullable. [F:\Workspaces\GreenHaven\GreenHaven.API\GreenHaven.API.csproj]
F:\Workspaces\GreenHaven\GreenHaven.API\Entities\Order.cs(8,23): warning CS8618: Non-nullable property 'UserId' must contain a non-null value when exiting constructor. Consider adding the 'required' modifier or declaring the property as nullable. [F:\Workspaces\GreenHaven\GreenHaven.API\GreenHaven.API.csproj]
F:\Workspaces\GreenHaven\GreenHaven.API\Entities\Order.cs(22,32): warning CS8618: Non-nullable property 'User' must contain a non-null value when exiting constructor. Consider adding the 'required' modifier or declaring the property as nullable. [F:\Workspaces\GreenHaven\GreenHaven.API\GreenHaven.API.csproj]
F:\Workspaces\GreenHaven\GreenHaven.API\Entities\ChatMessage.cs(13,19): warning CS8618: Non-nullable property 'SenderId' must contain a non-null value when exiting constructor. Consider adding the 'required' modifier or declaring the property as nullable. [F:\Workspaces\GreenHaven\GreenHaven.API\GreenHaven.API.csproj]
F:\Workspaces\GreenHaven\GreenHaven.API\Entities\ChatMessage.cs(15,28): warning CS8618: Non-nullable property 'Sender' must contain a non-null value when exiting constructor. Consider adding the 'required' modifier or declaring the property as nullable. [F:\Workspaces\GreenHaven\GreenHaven.API\GreenHaven.API.csproj]
F:\Workspaces\GreenHaven\GreenHaven.API\Entities\ChatMessage.cs(24,19): warning CS8618: Non-nullable property 'ConversationUserId' must contain a non-null value when exiting constructor. Consider adding the 'required' modifier or declaring the property as nullable. [F:\Workspaces\GreenHaven\GreenHaven.API\GreenHaven.API.csproj]
F:\Workspaces\GreenHaven\GreenHaven.API\Entities\ChatMessage.cs(26,28): warning CS8618: Non-nullable property 'ConversationUser' must contain a non-null value when exiting constructor. Consider adding the 'required' modifier or declaring the property as nullable. [F:\Workspaces\GreenHaven\GreenHaven.API\GreenHaven.API.csproj]
F:\Workspaces\GreenHaven\GreenHaven.API\Entities\ChatMessage.cs(29,19): warning CS8618: Non-nullable property 'Content' must contain a non-null value when exiting constructor. Consider adding the 'required' modifier or declaring the property as nullable. [F:\Workspaces\GreenHaven\GreenHaven.API\GreenHaven.API.csproj]
F:\Workspaces\GreenHaven\GreenHaven.API\DTOs\CreateOrderDto.cs(5,34): warning CS8618: Non-nullable property 'Items' must contain a non-null value when exiting constructor. Consider adding the 'required' modifier or declaring the property as nullable. [F:\Workspaces\GreenHaven\GreenHaven.API\GreenHaven.API.csproj]
F:\Workspaces\GreenHaven\GreenHaven.API\Extensions\ServiceExtensions.cs(57,84): warning CS8604: Possible null reference argument for parameter 's' in 'byte[] Encoding.GetBytes(string s)'. [F:\Workspaces\GreenHaven\GreenHaven.API\GreenHaven.API.csproj]
F:\Workspaces\GreenHaven\GreenHaven.API\Data\DbInitializer.cs(99,30): warning CS0219: The variable 'isModified' is assigned but its value is never used [F:\Workspaces\GreenHaven\GreenHaven.API\GreenHaven.API.csproj]
F:\Workspaces\GreenHaven\GreenHaven.API\Controllers\AuthController.cs(51,48): warning CS8604: Possible null reference argument for parameter 'user' in 'Task<string> AuthController.GenerateJwtToken(ApplicationUser user)'. [F:\Workspaces\GreenHaven\GreenHaven.API\GreenHaven.API.csproj]
F:\Workspaces\GreenHaven\GreenHaven.API\Controllers\AuthController.cs(63,53): warning CS8604: Possible null reference argument for parameter 'userId' in 'Task<ApplicationUser?> UserManager<ApplicationUser>.FindByIdAsync(string userId)'. [F:\Workspaces\GreenHaven\GreenHaven.API\GreenHaven.API.csproj]
F:\Workspaces\GreenHaven\GreenHaven.API\Controllers\MessagesController.cs(35,57): warning CS8604: Possible null reference argument for parameter 'userId' in 'Task<ApplicationUser?> UserManager<ApplicationUser>.FindByIdAsync(string userId)'. [F:\Workspaces\GreenHaven\GreenHaven.API\GreenHaven.API.csproj]
F:\Workspaces\GreenHaven\GreenHaven.API\Controllers\MessagesController.cs(36,60): warning CS8604: Possible null reference argument for parameter 'user' in 'Task<bool> UserManager<ApplicationUser>.IsInRoleAsync(ApplicationUser user, string role)'. [F:\Workspaces\GreenHaven\GreenHaven.API\GreenHaven.API.csproj]
F:\Workspaces\GreenHaven\GreenHaven.API\Controllers\MessagesController.cs(76,30): warning CS8601: Possible null reference assignment. [F:\Workspaces\GreenHaven\GreenHaven.API\GreenHaven.API.csproj]
F:\Workspaces\GreenHaven\GreenHaven.API\Controllers\AuthController.cs(91,53): warning CS8604: Possible null reference argument for parameter 'userId' in 'Task<ApplicationUser?> UserManager<ApplicationUser>.FindByIdAsync(string userId)'. [F:\Workspaces\GreenHaven\GreenHaven.API\GreenHaven.API.csproj]
F:\Workspaces\GreenHaven\GreenHaven.API\Controllers\AuthController.cs(113,54): warning CS8604: Possible null reference argument for parameter 'value' in 'Claim.Claim(string type, string value)'. [F:\Workspaces\GreenHaven\GreenHaven.API\GreenHaven.API.csproj]
F:\Workspaces\GreenHaven\GreenHaven.API\Controllers\AuthController.cs(125,67): warning CS8604: Possible null reference argument for parameter 's' in 'byte[] Encoding.GetBytes(string s)'. [F:\Workspaces\GreenHaven\GreenHaven.API\GreenHaven.API.csproj]
F:\Workspaces\GreenHaven\GreenHaven.API\Controllers\MessagesController.cs(103,30): warning CS8601: Possible null reference assignment. [F:\Workspaces\GreenHaven\GreenHaven.API\GreenHaven.API.csproj]
F:\Workspaces\GreenHaven\GreenHaven.API\Controllers\OrdersController.cs(40,21): warning CS8602: Dereference of a possibly null reference. [F:\Workspaces\GreenHaven\GreenHaven.API\GreenHaven.API.csproj]
F:\Workspaces\GreenHaven\GreenHaven.API\Controllers\MessagesController.cs(149,28): warning CS8601: Possible null reference assignment. [F:\Workspaces\GreenHaven\GreenHaven.API\GreenHaven.API.csproj]
F:\Workspaces\GreenHaven\GreenHaven.API\Controllers\MessagesController.cs(150,31): warning CS8601: Possible null reference assignment. [F:\Workspaces\GreenHaven\GreenHaven.API\GreenHaven.API.csproj]
F:\Workspaces\GreenHaven\GreenHaven.API\Controllers\MessagesController.cs(185,26): warning CS8601: Possible null reference assignment. [F:\Workspaces\GreenHaven\GreenHaven.API\GreenHaven.API.csproj]
warn: Microsoft.EntityFrameworkCore.Model.Validation[30000]
      No store type was specified for the decimal property 'Price' on entity type 'Plant'. This will cause values to be silently truncated if they do not fit in the default precision and scale. Explicitly specify the SQL server column type that can accommodate all the values in 'OnModelCreating' using 'HasColumnType', specify precision and scale using 'HasPrecision', or configure a value converter using 'HasConversion'.
info: Microsoft.EntityFrameworkCore.Database.Command[20101]
      Executed DbCommand (9ms) [Parameters=[], CommandType='Text', CommandTimeout='30']
      SELECT 1
info: Microsoft.EntityFrameworkCore.Database.Command[20101]
      Executed DbCommand (27ms) [Parameters=[], CommandType='Text', CommandTimeout='30']
      
      IF EXISTS
          (SELECT *
           FROM [sys].[objects] o
           WHERE [o].[type] = 'U'
           AND [o].[is_ms_shipped] = 0
           AND NOT EXISTS (SELECT *
               FROM [sys].[extended_properties] AS [ep]
               WHERE [ep].[major_id] = [o].[object_id]
                   AND [ep].[minor_id] = 0
                   AND [ep].[class] = 1
                   AND [ep].[name] = N'microsoft_database_tools_support'
          )
      )
      SELECT 1 ELSE SELECT 0
info: Microsoft.EntityFrameworkCore.Database.Command[20101]
      Executed DbCommand (3ms) [Parameters=[], CommandType='Text', CommandTimeout='30']
      SELECT CASE
          WHEN EXISTS (
              SELECT 1
              FROM [Categories] AS [c]) THEN CAST(1 AS bit)
          ELSE CAST(0 AS bit)
      END
info: Microsoft.EntityFrameworkCore.Database.Command[20101]
      Executed DbCommand (1ms) [Parameters=[], CommandType='Text', CommandTimeout='30']
      SELECT [c].[Id], [c].[Name]
      FROM [Categories] AS [c]
info: Microsoft.EntityFrameworkCore.Database.Command[20101]
      Executed DbCommand (1ms) [Parameters=[], CommandType='Text', CommandTimeout='30']
      SELECT TOP(1) [c].[Id], [c].[Name]
      FROM [Categories] AS [c]
      WHERE [c].[Name] = N'Air Purifying'
info: Microsoft.EntityFrameworkCore.Database.Command[20101]
      Executed DbCommand (1ms) [Parameters=[], CommandType='Text', CommandTimeout='30']
      SELECT TOP(1) [c].[Id], [c].[Name]
      FROM [Categories] AS [c]
      WHERE [c].[Name] = N'Succulents'
info: Microsoft.EntityFrameworkCore.Database.Command[20101]
      Executed DbCommand (1ms) [Parameters=[], CommandType='Text', CommandTimeout='30']
      SELECT TOP(1) [c].[Id], [c].[Name]
      FROM [Categories] AS [c]
      WHERE [c].[Name] = N'Flowering'
info: Microsoft.EntityFrameworkCore.Database.Command[20101]
      Executed DbCommand (2ms) [Parameters=[], CommandType='Text', CommandTimeout='30']
      SELECT CASE
          WHEN EXISTS (
              SELECT 1
              FROM [Plants] AS [p]) THEN CAST(1 AS bit)
          ELSE CAST(0 AS bit)
      END
info: Microsoft.EntityFrameworkCore.Database.Command[20101]
      Executed DbCommand (14ms) [Parameters=[@__plant_Name_0='?' (Size = 4000)], CommandType='Text', CommandTimeout='30']
      SELECT TOP(1) [p].[Id], [p].[CategoryId], [p].[Description], [p].[Difficulty], [p].[ImageUrl], [p].[IsDeleted], [p].[IsPetFriendly], [p].[LightRequirement], [p].[Name], [p].[Price], [p].[ScientificName], [p].[StockQuantity], [p].[WaterNeeds]
      FROM [Plants] AS [p]
      WHERE [p].[Name] = @__plant_Name_0
info: Microsoft.EntityFrameworkCore.Database.Command[20101]
      Executed DbCommand (1ms) [Parameters=[@__plant_Name_0='?' (Size = 4000)], CommandType='Text', CommandTimeout='30']
      SELECT TOP(1) [p].[Id], [p].[CategoryId], [p].[Description], [p].[Difficulty], [p].[ImageUrl], [p].[IsDeleted], [p].[IsPetFriendly], [p].[LightRequirement], [p].[Name], [p].[Price], [p].[ScientificName], [p].[StockQuantity], [p].[WaterNeeds]
      FROM [Plants] AS [p]
      WHERE [p].[Name] = @__plant_Name_0
info: Microsoft.EntityFrameworkCore.Database.Command[20101]
      Executed DbCommand (0ms) [Parameters=[@__plant_Name_0='?' (Size = 4000)], CommandType='Text', CommandTimeout='30']
      SELECT TOP(1) [p].[Id], [p].[CategoryId], [p].[Description], [p].[Difficulty], [p].[ImageUrl], [p].[IsDeleted], [p].[IsPetFriendly], [p].[LightRequirement], [p].[Name], [p].[Price], [p].[ScientificName], [p].[StockQuantity], [p].[WaterNeeds]
      FROM [Plants] AS [p]
      WHERE [p].[Name] = @__plant_Name_0
info: Microsoft.EntityFrameworkCore.Database.Command[20101]
      Executed DbCommand (0ms) [Parameters=[@__plant_Name_0='?' (Size = 4000)], CommandType='Text', CommandTimeout='30']
      SELECT TOP(1) [p].[Id], [p].[CategoryId], [p].[Description], [p].[Difficulty], [p].[ImageUrl], [p].[IsDeleted], [p].[IsPetFriendly], [p].[LightRequirement], [p].[Name], [p].[Price], [p].[ScientificName], [p].[StockQuantity], [p].[WaterNeeds]
      FROM [Plants] AS [p]
      WHERE [p].[Name] = @__plant_Name_0
info: Microsoft.EntityFrameworkCore.Database.Command[20101]
      Executed DbCommand (0ms) [Parameters=[@__plant_Name_0='?' (Size = 4000)], CommandType='Text', CommandTimeout='30']
      SELECT TOP(1) [p].[Id], [p].[CategoryId], [p].[Description], [p].[Difficulty], [p].[ImageUrl], [p].[IsDeleted], [p].[IsPetFriendly], [p].[LightRequirement], [p].[Name], [p].[Price], [p].[ScientificName], [p].[StockQuantity], [p].[WaterNeeds]
      FROM [Plants] AS [p]
      WHERE [p].[Name] = @__plant_Name_0
info: Microsoft.EntityFrameworkCore.Database.Command[20101]
      Executed DbCommand (0ms) [Parameters=[@__plant_Name_0='?' (Size = 4000)], CommandType='Text', CommandTimeout='30']
      SELECT TOP(1) [p].[Id], [p].[CategoryId], [p].[Description], [p].[Difficulty], [p].[ImageUrl], [p].[IsDeleted], [p].[IsPetFriendly], [p].[LightRequirement], [p].[Name], [p].[Price], [p].[ScientificName], [p].[StockQuantity], [p].[WaterNeeds]
      FROM [Plants] AS [p]
      WHERE [p].[Name] = @__plant_Name_0
info: Microsoft.EntityFrameworkCore.Database.Command[20101]
      Executed DbCommand (0ms) [Parameters=[@__plant_Name_0='?' (Size = 4000)], CommandType='Text', CommandTimeout='30']
      SELECT TOP(1) [p].[Id], [p].[CategoryId], [p].[Description], [p].[Difficulty], [p].[ImageUrl], [p].[IsDeleted], [p].[IsPetFriendly], [p].[LightRequirement], [p].[Name], [p].[Price], [p].[ScientificName], [p].[StockQuantity], [p].[WaterNeeds]
      FROM [Plants] AS [p]
      WHERE [p].[Name] = @__plant_Name_0
info: Microsoft.EntityFrameworkCore.Database.Command[20101]
      Executed DbCommand (0ms) [Parameters=[@__plant_Name_0='?' (Size = 4000)], CommandType='Text', CommandTimeout='30']
      SELECT TOP(1) [p].[Id], [p].[CategoryId], [p].[Description], [p].[Difficulty], [p].[ImageUrl], [p].[IsDeleted], [p].[IsPetFriendly], [p].[LightRequirement], [p].[Name], [p].[Price], [p].[ScientificName], [p].[StockQuantity], [p].[WaterNeeds]
      FROM [Plants] AS [p]
      WHERE [p].[Name] = @__plant_Name_0
info: Microsoft.EntityFrameworkCore.Database.Command[20101]
      Executed DbCommand (0ms) [Parameters=[@__plant_Name_0='?' (Size = 4000)], CommandType='Text', CommandTimeout='30']
      SELECT TOP(1) [p].[Id], [p].[CategoryId], [p].[Description], [p].[Difficulty], [p].[ImageUrl], [p].[IsDeleted], [p].[IsPetFriendly], [p].[LightRequirement], [p].[Name], [p].[Price], [p].[ScientificName], [p].[StockQuantity], [p].[WaterNeeds]
      FROM [Plants] AS [p]
      WHERE [p].[Name] = @__plant_Name_0
info: Microsoft.EntityFrameworkCore.Database.Command[20101]
      Executed DbCommand (0ms) [Parameters=[@__plant_Name_0='?' (Size = 4000)], CommandType='Text', CommandTimeout='30']
      SELECT TOP(1) [p].[Id], [p].[CategoryId], [p].[Description], [p].[Difficulty], [p].[ImageUrl], [p].[IsDeleted], [p].[IsPetFriendly], [p].[LightRequirement], [p].[Name], [p].[Price], [p].[ScientificName], [p].[StockQuantity], [p].[WaterNeeds]
      FROM [Plants] AS [p]
      WHERE [p].[Name] = @__plant_Name_0
info: Microsoft.EntityFrameworkCore.Database.Command[20101]
      Executed DbCommand (0ms) [Parameters=[@__plant_Name_0='?' (Size = 4000)], CommandType='Text', CommandTimeout='30']
      SELECT TOP(1) [p].[Id], [p].[CategoryId], [p].[Description], [p].[Difficulty], [p].[ImageUrl], [p].[IsDeleted], [p].[IsPetFriendly], [p].[LightRequirement], [p].[Name], [p].[Price], [p].[ScientificName], [p].[StockQuantity], [p].[WaterNeeds]
      FROM [Plants] AS [p]
      WHERE [p].[Name] = @__plant_Name_0
info: Microsoft.EntityFrameworkCore.Database.Command[20101]
      Executed DbCommand (0ms) [Parameters=[@__plant_Name_0='?' (Size = 4000)], CommandType='Text', CommandTimeout='30']
      SELECT TOP(1) [p].[Id], [p].[CategoryId], [p].[Description], [p].[Difficulty], [p].[ImageUrl], [p].[IsDeleted], [p].[IsPetFriendly], [p].[LightRequirement], [p].[Name], [p].[Price], [p].[ScientificName], [p].[StockQuantity], [p].[WaterNeeds]
      FROM [Plants] AS [p]
      WHERE [p].[Name] = @__plant_Name_0
info: Microsoft.EntityFrameworkCore.Database.Command[20101]
      Executed DbCommand (0ms) [Parameters=[@__plant_Name_0='?' (Size = 4000)], CommandType='Text', CommandTimeout='30']
      SELECT TOP(1) [p].[Id], [p].[CategoryId], [p].[Description], [p].[Difficulty], [p].[ImageUrl], [p].[IsDeleted], [p].[IsPetFriendly], [p].[LightRequirement], [p].[Name], [p].[Price], [p].[ScientificName], [p].[StockQuantity], [p].[WaterNeeds]
      FROM [Plants] AS [p]
      WHERE [p].[Name] = @__plant_Name_0
info: Microsoft.EntityFrameworkCore.Database.Command[20101]
      Executed DbCommand (0ms) [Parameters=[@__plant_Name_0='?' (Size = 4000)], CommandType='Text', CommandTimeout='30']
      SELECT TOP(1) [p].[Id], [p].[CategoryId], [p].[Description], [p].[Difficulty], [p].[ImageUrl], [p].[IsDeleted], [p].[IsPetFriendly], [p].[LightRequirement], [p].[Name], [p].[Price], [p].[ScientificName], [p].[StockQuantity], [p].[WaterNeeds]
      FROM [Plants] AS [p]
      WHERE [p].[Name] = @__plant_Name_0
info: Microsoft.EntityFrameworkCore.Database.Command[20101]
      Executed DbCommand (0ms) [Parameters=[@__plant_Name_0='?' (Size = 4000)], CommandType='Text', CommandTimeout='30']
      SELECT TOP(1) [p].[Id], [p].[CategoryId], [p].[Description], [p].[Difficulty], [p].[ImageUrl], [p].[IsDeleted], [p].[IsPetFriendly], [p].[LightRequirement], [p].[Name], [p].[Price], [p].[ScientificName], [p].[StockQuantity], [p].[WaterNeeds]
      FROM [Plants] AS [p]
      WHERE [p].[Name] = @__plant_Name_0
info: Microsoft.EntityFrameworkCore.Database.Command[20101]
      Executed DbCommand (0ms) [Parameters=[@__plant_Name_0='?' (Size = 4000)], CommandType='Text', CommandTimeout='30']
      SELECT TOP(1) [p].[Id], [p].[CategoryId], [p].[Description], [p].[Difficulty], [p].[ImageUrl], [p].[IsDeleted], [p].[IsPetFriendly], [p].[LightRequirement], [p].[Name], [p].[Price], [p].[ScientificName], [p].[StockQuantity], [p].[WaterNeeds]
      FROM [Plants] AS [p]
      WHERE [p].[Name] = @__plant_Name_0
info: Microsoft.EntityFrameworkCore.Database.Command[20101]
      Executed DbCommand (0ms) [Parameters=[@__plant_Name_0='?' (Size = 4000)], CommandType='Text', CommandTimeout='30']
      SELECT TOP(1) [p].[Id], [p].[CategoryId], [p].[Description], [p].[Difficulty], [p].[ImageUrl], [p].[IsDeleted], [p].[IsPetFriendly], [p].[LightRequirement], [p].[Name], [p].[Price], [p].[ScientificName], [p].[StockQuantity], [p].[WaterNeeds]
      FROM [Plants] AS [p]
      WHERE [p].[Name] = @__plant_Name_0
info: Microsoft.EntityFrameworkCore.Database.Command[20101]
      Executed DbCommand (0ms) [Parameters=[@__plant_Name_0='?' (Size = 4000)], CommandType='Text', CommandTimeout='30']
      SELECT TOP(1) [p].[Id], [p].[CategoryId], [p].[Description], [p].[Difficulty], [p].[ImageUrl], [p].[IsDeleted], [p].[IsPetFriendly], [p].[LightRequirement], [p].[Name], [p].[Price], [p].[ScientificName], [p].[StockQuantity], [p].[WaterNeeds]
      FROM [Plants] AS [p]
      WHERE [p].[Name] = @__plant_Name_0
info: Microsoft.EntityFrameworkCore.Database.Command[20101]
      Executed DbCommand (0ms) [Parameters=[@__plant_Name_0='?' (Size = 4000)], CommandType='Text', CommandTimeout='30']
      SELECT TOP(1) [p].[Id], [p].[CategoryId], [p].[Description], [p].[Difficulty], [p].[ImageUrl], [p].[IsDeleted], [p].[IsPetFriendly], [p].[LightRequirement], [p].[Name], [p].[Price], [p].[ScientificName], [p].[StockQuantity], [p].[WaterNeeds]
      FROM [Plants] AS [p]
      WHERE [p].[Name] = @__plant_Name_0
info: Microsoft.EntityFrameworkCore.Database.Command[20101]
      Executed DbCommand (0ms) [Parameters=[@__plant_Name_0='?' (Size = 4000)], CommandType='Text', CommandTimeout='30']
      SELECT TOP(1) [p].[Id], [p].[CategoryId], [p].[Description], [p].[Difficulty], [p].[ImageUrl], [p].[IsDeleted], [p].[IsPetFriendly], [p].[LightRequirement], [p].[Name], [p].[Price], [p].[ScientificName], [p].[StockQuantity], [p].[WaterNeeds]
      FROM [Plants] AS [p]
      WHERE [p].[Name] = @__plant_Name_0
info: Microsoft.EntityFrameworkCore.Database.Command[20101]
      Executed DbCommand (0ms) [Parameters=[@__plant_Name_0='?' (Size = 4000)], CommandType='Text', CommandTimeout='30']
      SELECT TOP(1) [p].[Id], [p].[CategoryId], [p].[Description], [p].[Difficulty], [p].[ImageUrl], [p].[IsDeleted], [p].[IsPetFriendly], [p].[LightRequirement], [p].[Name], [p].[Price], [p].[ScientificName], [p].[StockQuantity], [p].[WaterNeeds]
      FROM [Plants] AS [p]
      WHERE [p].[Name] = @__plant_Name_0
info: Microsoft.EntityFrameworkCore.Database.Command[20101]
      Executed DbCommand (0ms) [Parameters=[@__plant_Name_0='?' (Size = 4000)], CommandType='Text', CommandTimeout='30']
      SELECT TOP(1) [p].[Id], [p].[CategoryId], [p].[Description], [p].[Difficulty], [p].[ImageUrl], [p].[IsDeleted], [p].[IsPetFriendly], [p].[LightRequirement], [p].[Name], [p].[Price], [p].[ScientificName], [p].[StockQuantity], [p].[WaterNeeds]
      FROM [Plants] AS [p]
      WHERE [p].[Name] = @__plant_Name_0
info: Microsoft.EntityFrameworkCore.Database.Command[20101]
      Executed DbCommand (7ms) [Parameters=[@__normalizedName_0='?' (Size = 256)], CommandType='Text', CommandTimeout='30']
      SELECT TOP(1) [a].[Id], [a].[ConcurrencyStamp], [a].[Name], [a].[NormalizedName]
      FROM [AspNetRoles] AS [a]
      WHERE [a].[NormalizedName] = @__normalizedName_0
info: Microsoft.EntityFrameworkCore.Database.Command[20101]
      Executed DbCommand (2ms) [Parameters=[@__normalizedEmail_0='?' (Size = 256)], CommandType='Text', CommandTimeout='30']
      SELECT TOP(2) [a].[Id], [a].[AccessFailedCount], [a].[ConcurrencyStamp], [a].[Email], [a].[EmailConfirmed], [a].[FullName], [a].[LockoutEnabled], [a].[LockoutEnd], [a].[NormalizedEmail], [a].[NormalizedUserName], [a].[PasswordHash], [a].[PhoneNumber], [a].[PhoneNumberConfirmed], [a].[SecurityStamp], [a].[TwoFactorEnabled], [a].[UserName]
      FROM [AspNetUsers] AS [a]
      WHERE [a].[NormalizedEmail] = @__normalizedEmail_0
info: Microsoft.Hosting.Lifetime[14]
      Now listening on: http://localhost:5177
info: Microsoft.Hosting.Lifetime[0]
      Application started. Press Ctrl+C to shut down.
info: Microsoft.Hosting.Lifetime[0]
      Hosting environment: Development
info: Microsoft.Hosting.Lifetime[0]
      Content root path: F:\Workspaces\GreenHaven\GreenHaven.API
warn: Microsoft.AspNetCore.HttpsPolicy.HttpsRedirectionMiddleware[3]
      Failed to determine the https port for redirect.
info: Microsoft.EntityFrameworkCore.Database.Command[20101]
      Executed DbCommand (2ms) [Parameters=[@__normalizedUserName_0='?' (Size = 256)], CommandType='Text', CommandTimeout='30']
      SELECT TOP(1) [a].[Id], [a].[AccessFailedCount], [a].[ConcurrencyStamp], [a].[Email], [a].[EmailConfirmed], [a].[FullName], [a].[LockoutEnabled], [a].[LockoutEnd], [a].[NormalizedEmail], [a].[NormalizedUserName], [a].[PasswordHash], [a].[PhoneNumber], [a].[PhoneNumberConfirmed], [a].[SecurityStamp], [a].[TwoFactorEnabled], [a].[UserName]
      FROM [AspNetUsers] AS [a]
      WHERE [a].[NormalizedUserName] = @__normalizedUserName_0
info: Microsoft.EntityFrameworkCore.Database.Command[20101]
      Executed DbCommand (1ms) [Parameters=[@__user_Id_0='?' (Size = 450)], CommandType='Text', CommandTimeout='30']
      SELECT [a].[Id], [a].[ClaimType], [a].[ClaimValue], [a].[UserId]
      FROM [AspNetUserClaims] AS [a]
      WHERE [a].[UserId] = @__user_Id_0
info: Microsoft.EntityFrameworkCore.Database.Command[20101]
      Executed DbCommand (2ms) [Parameters=[@__userId_0='?' (Size = 450)], CommandType='Text', CommandTimeout='30']
      SELECT [a0].[Name]
      FROM [AspNetUserRoles] AS [a]
      INNER JOIN [AspNetRoles] AS [a0] ON [a].[RoleId] = [a0].[Id]
      WHERE [a].[UserId] = @__userId_0
info: Microsoft.EntityFrameworkCore.Database.Command[20101]
      Executed DbCommand (0ms) [Parameters=[@__normalizedName_0='?' (Size = 256)], CommandType='Text', CommandTimeout='30']
      SELECT TOP(1) [a].[Id], [a].[ConcurrencyStamp], [a].[Name], [a].[NormalizedName]
      FROM [AspNetRoles] AS [a]
      WHERE [a].[NormalizedName] = @__normalizedName_0
info: Microsoft.EntityFrameworkCore.Database.Command[20101]
      Executed DbCommand (1ms) [Parameters=[@__role_Id_0='?' (Size = 450)], CommandType='Text', CommandTimeout='30']
      SELECT [a].[ClaimType], [a].[ClaimValue]
      FROM [AspNetRoleClaims] AS [a]
      WHERE [a].[RoleId] = @__role_Id_0
info: Microsoft.EntityFrameworkCore.Database.Command[20101]
      Executed DbCommand (0ms) [Parameters=[@__normalizedEmail_0='?' (Size = 256)], CommandType='Text', CommandTimeout='30']
      SELECT TOP(2) [a].[Id], [a].[AccessFailedCount], [a].[ConcurrencyStamp], [a].[Email], [a].[EmailConfirmed], [a].[FullName], [a].[LockoutEnabled], [a].[LockoutEnd], [a].[NormalizedEmail], [a].[NormalizedUserName], [a].[PasswordHash], [a].[PhoneNumber], [a].[PhoneNumberConfirmed], [a].[SecurityStamp], [a].[TwoFactorEnabled], [a].[UserName]
      FROM [AspNetUsers] AS [a]
      WHERE [a].[NormalizedEmail] = @__normalizedEmail_0
info: Microsoft.EntityFrameworkCore.Database.Command[20101]
      Executed DbCommand (0ms) [Parameters=[@__userId_0='?' (Size = 450)], CommandType='Text', CommandTimeout='30']
      SELECT [a0].[Name]
      FROM [AspNetUserRoles] AS [a]
      INNER JOIN [AspNetRoles] AS [a0] ON [a].[RoleId] = [a0].[Id]
      WHERE [a].[UserId] = @__userId_0
GetConversations called.
info: Microsoft.EntityFrameworkCore.Database.Command[20101]
      Executed DbCommand (3ms) [Parameters=[], CommandType='Text', CommandTimeout='30']
      SELECT DISTINCT [c].[ConversationUserId]
      FROM [ChatMessages] AS [c]
Found 1 distinct conversation users.
Processing user: 1258b528-fa25-4e11-a8fa-f597056fec23
info: Microsoft.EntityFrameworkCore.Database.Command[20101]
      Executed DbCommand (1ms) [Parameters=[@__p_0='?' (Size = 450)], CommandType='Text', CommandTimeout='30']
      SELECT TOP(1) [a].[Id], [a].[AccessFailedCount], [a].[ConcurrencyStamp], [a].[Email], [a].[EmailConfirmed], [a].[FullName], [a].[LockoutEnabled], [a].[LockoutEnd], [a].[NormalizedEmail], [a].[NormalizedUserName], [a].[PasswordHash], [a].[PhoneNumber], [a].[PhoneNumberConfirmed], [a].[SecurityStamp], [a].[TwoFactorEnabled], [a].[UserName]
      FROM [AspNetUsers] AS [a]
      WHERE [a].[Id] = @__p_0
info: Microsoft.EntityFrameworkCore.Database.Command[20101]
      Executed DbCommand (1ms) [Parameters=[@__userId_0='?' (Size = 450)], CommandType='Text', CommandTimeout='30']
      SELECT TOP(1) [c].[Id], [c].[Content], [c].[ConversationUserId], [c].[IsFromAdmin], [c].[IsRead], [c].[ReceiverId], [c].[SenderId], [c].[Timestamp]
      FROM [ChatMessages] AS [c]
      WHERE [c].[ConversationUserId] = @__userId_0
      ORDER BY [c].[Timestamp] DESC
info: Microsoft.EntityFrameworkCore.Database.Command[20101]
      Executed DbCommand (1ms) [Parameters=[@__userId_0='?' (Size = 450)], CommandType='Text', CommandTimeout='30']
      SELECT COUNT(*)
      FROM [ChatMessages] AS [c]
      WHERE [c].[ConversationUserId] = @__userId_0 AND [c].[IsRead] = CAST(0 AS bit) AND [c].[IsFromAdmin] = CAST(0 AS bit)
info: Microsoft.EntityFrameworkCore.Database.Command[20101]
      Executed DbCommand (0ms) [Parameters=[@__normalizedUserName_0='?' (Size = 256)], CommandType='Text', CommandTimeout='30']
      SELECT TOP(1) [a].[Id], [a].[AccessFailedCount], [a].[ConcurrencyStamp], [a].[Email], [a].[EmailConfirmed], [a].[FullName], [a].[LockoutEnabled], [a].[LockoutEnd], [a].[NormalizedEmail], [a].[NormalizedUserName], [a].[PasswordHash], [a].[PhoneNumber], [a].[PhoneNumberConfirmed], [a].[SecurityStamp], [a].[TwoFactorEnabled], [a].[UserName]
      FROM [AspNetUsers] AS [a]
      WHERE [a].[NormalizedUserName] = @__normalizedUserName_0
info: Microsoft.EntityFrameworkCore.Database.Command[20101]
      Executed DbCommand (2ms) [Parameters=[@p0='?' (Size = 450), @p1='?' (DbType = Int32), @p2='?' (Size = 4000), @p3='?' (Size = 256), @p4='?' (DbType = Boolean), @p5='?' (Size = 4000), @p6='?' (DbType = Boolean), @p7='?' (DbType = DateTimeOffset), @p8='?' (Size = 256), @p9='?' (Size = 256), @p10='?' (Size = 4000), @p11='?' (Size = 4000), @p12='?' (DbType = Boolean), @p13='?' (Size = 4000), @p14='?' (DbType = Boolean), @p15='?' (Size = 256)], CommandType='Text', CommandTimeout='30']
      SET IMPLICIT_TRANSACTIONS OFF;
      SET NOCOUNT ON;
      INSERT INTO [AspNetUsers] ([Id], [AccessFailedCount], [ConcurrencyStamp], [Email], [EmailConfirmed], [FullName], [LockoutEnabled], [LockoutEnd], [NormalizedEmail], [NormalizedUserName], [PasswordHash], [PhoneNumber], [PhoneNumberConfirmed], [SecurityStamp], [TwoFactorEnabled], [UserName])
      VALUES (@p0, @p1, @p2, @p3, @p4, @p5, @p6, @p7, @p8, @p9, @p10, @p11, @p12, @p13, @p14, @p15);
info: Microsoft.EntityFrameworkCore.Database.Command[20101]
      Executed DbCommand (0ms) [Parameters=[@__userId_0='?' (Size = 450)], CommandType='Text', CommandTimeout='30']
      SELECT [a0].[Name]
      FROM [AspNetUserRoles] AS [a]
      INNER JOIN [AspNetRoles] AS [a0] ON [a].[RoleId] = [a0].[Id]
      WHERE [a].[UserId] = @__userId_0
info: Microsoft.EntityFrameworkCore.Database.Command[20101]
      Executed DbCommand (2ms) [Parameters=[], CommandType='Text', CommandTimeout='30']
      SELECT [p].[Id], [p].[CategoryId], [p].[Description], [p].[Difficulty], [p].[ImageUrl], [p].[IsDeleted], [p].[IsPetFriendly], [p].[LightRequirement], [p].[Name], [p].[Price], [p].[ScientificName], [p].[StockQuantity], [p].[WaterNeeds], [c].[Id], [c].[Name]
      FROM [Plants] AS [p]
      INNER JOIN [Categories] AS [c] ON [p].[CategoryId] = [c].[Id]
      WHERE [p].[IsDeleted] = CAST(0 AS bit)
info: Microsoft.EntityFrameworkCore.Database.Command[20101]
      Executed DbCommand (0ms) [Parameters=[@__normalizedUserName_0='?' (Size = 256)], CommandType='Text', CommandTimeout='30']
      SELECT TOP(1) [a].[Id], [a].[AccessFailedCount], [a].[ConcurrencyStamp], [a].[Email], [a].[EmailConfirmed], [a].[FullName], [a].[LockoutEnabled], [a].[LockoutEnd], [a].[NormalizedEmail], [a].[NormalizedUserName], [a].[PasswordHash], [a].[PhoneNumber], [a].[PhoneNumberConfirmed], [a].[SecurityStamp], [a].[TwoFactorEnabled], [a].[UserName]
      FROM [AspNetUsers] AS [a]
      WHERE [a].[NormalizedUserName] = @__normalizedUserName_0
info: Microsoft.EntityFrameworkCore.Database.Command[20101]
      Executed DbCommand (0ms) [Parameters=[@__user_Id_0='?' (Size = 450)], CommandType='Text', CommandTimeout='30']
      SELECT [a].[Id], [a].[ClaimType], [a].[ClaimValue], [a].[UserId]
      FROM [AspNetUserClaims] AS [a]
      WHERE [a].[UserId] = @__user_Id_0
info: Microsoft.EntityFrameworkCore.Database.Command[20101]
      Executed DbCommand (0ms) [Parameters=[@__userId_0='?' (Size = 450)], CommandType='Text', CommandTimeout='30']
      SELECT [a0].[Name]
      FROM [AspNetUserRoles] AS [a]
      INNER JOIN [AspNetRoles] AS [a0] ON [a].[RoleId] = [a0].[Id]
      WHERE [a].[UserId] = @__userId_0
info: Microsoft.EntityFrameworkCore.Database.Command[20101]
      Executed DbCommand (0ms) [Parameters=[@__normalizedName_0='?' (Size = 256)], CommandType='Text', CommandTimeout='30']
      SELECT TOP(1) [a].[Id], [a].[ConcurrencyStamp], [a].[Name], [a].[NormalizedName]
      FROM [AspNetRoles] AS [a]
      WHERE [a].[NormalizedName] = @__normalizedName_0
info: Microsoft.EntityFrameworkCore.Database.Command[20101]
      Executed DbCommand (0ms) [Parameters=[@__role_Id_0='?' (Size = 450)], CommandType='Text', CommandTimeout='30']
      SELECT [a].[ClaimType], [a].[ClaimValue]
      FROM [AspNetRoleClaims] AS [a]
      WHERE [a].[RoleId] = @__role_Id_0
info: Microsoft.EntityFrameworkCore.Database.Command[20101]
      Executed DbCommand (0ms) [Parameters=[@__normalizedEmail_0='?' (Size = 256)], CommandType='Text', CommandTimeout='30']
      SELECT TOP(2) [a].[Id], [a].[AccessFailedCount], [a].[ConcurrencyStamp], [a].[Email], [a].[EmailConfirmed], [a].[FullName], [a].[LockoutEnabled], [a].[LockoutEnd], [a].[NormalizedEmail], [a].[NormalizedUserName], [a].[PasswordHash], [a].[PhoneNumber], [a].[PhoneNumberConfirmed], [a].[SecurityStamp], [a].[TwoFactorEnabled], [a].[UserName]
      FROM [AspNetUsers] AS [a]
      WHERE [a].[NormalizedEmail] = @__normalizedEmail_0
info: Microsoft.EntityFrameworkCore.Database.Command[20101]
      Executed DbCommand (0ms) [Parameters=[@__userId_0='?' (Size = 450)], CommandType='Text', CommandTimeout='30']
      SELECT [a0].[Name]
      FROM [AspNetUserRoles] AS [a]
      INNER JOIN [AspNetRoles] AS [a0] ON [a].[RoleId] = [a0].[Id]
      WHERE [a].[UserId] = @__userId_0
info: Microsoft.EntityFrameworkCore.Database.Command[20101]
      Executed DbCommand (3ms) [Parameters=[], CommandType='Text', CommandTimeout='30']
      SELECT [p].[Id], [p].[CategoryId], [p].[Description], [p].[Difficulty], [p].[ImageUrl], [p].[IsDeleted], [p].[IsPetFriendly], [p].[LightRequirement], [p].[Name], [p].[Price], [p].[ScientificName], [p].[StockQuantity], [p].[WaterNeeds], [c].[Id], [c].[Name]
      FROM [Plants] AS [p]
      INNER JOIN [Categories] AS [c] ON [p].[CategoryId] = [c].[Id]
      WHERE [p].[IsDeleted] = CAST(0 AS bit)
info: Microsoft.Hosting.Lifetime[0]
      Application is shutting down...
