  Determining projects to restore...
  All projects are up-to-date for restore.
F:\Workspaces\GreenHaven\GreenHaven.API\Controllers\UsersController.cs(124,19): warning CS8618: Non-nullable property 'FullName' must contain a non-null value when exiting constructor. Consider adding the 'required' modifier or declaring the property as nullable. [F:\Workspaces\GreenHaven\GreenHaven.API\GreenHaven.API.csproj]
F:\Workspaces\GreenHaven\GreenHaven.API\Controllers\UsersController.cs(125,19): warning CS8618: Non-nullable property 'Email' must contain a non-null value when exiting constructor. Consider adding the 'required' modifier or declaring the property as nullable. [F:\Workspaces\GreenHaven\GreenHaven.API\GreenHaven.API.csproj]
F:\Workspaces\GreenHaven\GreenHaven.API\Controllers\UsersController.cs(126,19): warning CS8618: Non-nullable property 'Role' must contain a non-null value when exiting constructor. Consider adding the 'required' modifier or declaring the property as nullable. [F:\Workspaces\GreenHaven\GreenHaven.API\GreenHaven.API.csproj]
F:\Workspaces\GreenHaven\GreenHaven.API\DTOs\CreateOrderDto.cs(5,34): warning CS8618: Non-nullable property 'Items' must contain a non-null value when exiting constructor. Consider adding the 'required' modifier or declaring the property as nullable. [F:\Workspaces\GreenHaven\GreenHaven.API\GreenHaven.API.csproj]
F:\Workspaces\GreenHaven\GreenHaven.API\Entities\OrderItem.cs(15,22): warning CS8618: Non-nullable property 'Order' must contain a non-null value when exiting constructor. Consider adding the 'required' modifier or declaring the property as nullable. [F:\Workspaces\GreenHaven\GreenHaven.API\GreenHaven.API.csproj]
F:\Workspaces\GreenHaven\GreenHaven.API\Entities\OrderItem.cs(16,22): warning CS8618: Non-nullable property 'Plant' must contain a non-null value when exiting constructor. Consider adding the 'required' modifier or declaring the property as nullable. [F:\Workspaces\GreenHaven\GreenHaven.API\GreenHaven.API.csproj]
F:\Workspaces\GreenHaven\GreenHaven.API\DTOs\UpdateOrderDto.cs(5,23): warning CS8618: Non-nullable property 'Status' must contain a non-null value when exiting constructor. Consider adding the 'required' modifier or declaring the property as nullable. [F:\Workspaces\GreenHaven\GreenHaven.API\GreenHaven.API.csproj]
F:\Workspaces\GreenHaven\GreenHaven.API\Entities\ChatMessage.cs(13,19): warning CS8618: Non-nullable property 'SenderId' must contain a non-null value when exiting constructor. Consider adding the 'required' modifier or declaring the property as nullable. [F:\Workspaces\GreenHaven\GreenHaven.API\GreenHaven.API.csproj]
F:\Workspaces\GreenHaven\GreenHaven.API\Entities\ChatMessage.cs(15,28): warning CS8618: Non-nullable property 'Sender' must contain a non-null value when exiting constructor. Consider adding the 'required' modifier or declaring the property as nullable. [F:\Workspaces\GreenHaven\GreenHaven.API\GreenHaven.API.csproj]
F:\Workspaces\GreenHaven\GreenHaven.API\Entities\ChatMessage.cs(24,19): warning CS8618: Non-nullable property 'ConversationUserId' must contain a non-null value when exiting constructor. Consider adding the 'required' modifier or declaring the property as nullable. [F:\Workspaces\GreenHaven\GreenHaven.API\GreenHaven.API.csproj]
F:\Workspaces\GreenHaven\GreenHaven.API\Entities\ChatMessage.cs(26,28): warning CS8618: Non-nullable property 'ConversationUser' must contain a non-null value when exiting constructor. Consider adding the 'required' modifier or declaring the property as nullable. [F:\Workspaces\GreenHaven\GreenHaven.API\GreenHaven.API.csproj]
F:\Workspaces\GreenHaven\GreenHaven.API\Entities\ChatMessage.cs(29,19): warning CS8618: Non-nullable property 'Content' must contain a non-null value when exiting constructor. Consider adding the 'required' modifier or declaring the property as nullable. [F:\Workspaces\GreenHaven\GreenHaven.API\GreenHaven.API.csproj]
F:\Workspaces\GreenHaven\GreenHaven.API\Entities\Order.cs(8,23): warning CS8618: Non-nullable property 'UserId' must contain a non-null value when exiting constructor. Consider adding the 'required' modifier or declaring the property as nullable. [F:\Workspaces\GreenHaven\GreenHaven.API\GreenHaven.API.csproj]
F:\Workspaces\GreenHaven\GreenHaven.API\Entities\Order.cs(22,32): warning CS8618: Non-nullable property 'User' must contain a non-null value when exiting constructor. Consider adding the 'required' modifier or declaring the property as nullable. [F:\Workspaces\GreenHaven\GreenHaven.API\GreenHaven.API.csproj]
F:\Workspaces\GreenHaven\GreenHaven.API\Controllers\AuthController.cs(149,19): warning CS8618: Non-nullable property 'Email' must contain a non-null value when exiting constructor. Consider adding the 'required' modifier or declaring the property as nullable. [F:\Workspaces\GreenHaven\GreenHaven.API\GreenHaven.API.csproj]
F:\Workspaces\GreenHaven\GreenHaven.API\Controllers\AuthController.cs(150,19): warning CS8618: Non-nullable property 'Password' must contain a non-null value when exiting constructor. Consider adding the 'required' modifier or declaring the property as nullable. [F:\Workspaces\GreenHaven\GreenHaven.API\GreenHaven.API.csproj]
F:\Workspaces\GreenHaven\GreenHaven.API\Controllers\AuthController.cs(143,19): warning CS8618: Non-nullable property 'Email' must contain a non-null value when exiting constructor. Consider adding the 'required' modifier or declaring the property as nullable. [F:\Workspaces\GreenHaven\GreenHaven.API\GreenHaven.API.csproj]
F:\Workspaces\GreenHaven\GreenHaven.API\Controllers\AuthController.cs(144,19): warning CS8618: Non-nullable property 'Password' must contain a non-null value when exiting constructor. Consider adding the 'required' modifier or declaring the property as nullable. [F:\Workspaces\GreenHaven\GreenHaven.API\GreenHaven.API.csproj]
F:\Workspaces\GreenHaven\GreenHaven.API\DTOs\MessageDtos.cs(7,19): warning CS8618: Non-nullable property 'Content' must contain a non-null value when exiting constructor. Consider adding the 'required' modifier or declaring the property as nullable. [F:\Workspaces\GreenHaven\GreenHaven.API\GreenHaven.API.csproj]
F:\Workspaces\GreenHaven\GreenHaven.API\DTOs\MessageDtos.cs(14,19): warning CS8618: Non-nullable property 'SenderId' must contain a non-null value when exiting constructor. Consider adding the 'required' modifier or declaring the property as nullable. [F:\Workspaces\GreenHaven\GreenHaven.API\GreenHaven.API.csproj]
F:\Workspaces\GreenHaven\GreenHaven.API\DTOs\MessageDtos.cs(15,19): warning CS8618: Non-nullable property 'SenderName' must contain a non-null value when exiting constructor. Consider adding the 'required' modifier or declaring the property as nullable. [F:\Workspaces\GreenHaven\GreenHaven.API\GreenHaven.API.csproj]
F:\Workspaces\GreenHaven\GreenHaven.API\DTOs\MessageDtos.cs(16,19): warning CS8618: Non-nullable property 'Content' must contain a non-null value when exiting constructor. Consider adding the 'required' modifier or declaring the property as nullable. [F:\Workspaces\GreenHaven\GreenHaven.API\GreenHaven.API.csproj]
F:\Workspaces\GreenHaven\GreenHaven.API\DTOs\ErrorDetails.cs(8,19): warning CS8618: Non-nullable property 'Message' must contain a non-null value when exiting constructor. Consider adding the 'required' modifier or declaring the property as nullable. [F:\Workspaces\GreenHaven\GreenHaven.API\GreenHaven.API.csproj]
F:\Workspaces\GreenHaven\GreenHaven.API\DTOs\MessageDtos.cs(23,19): warning CS8618: Non-nullable property 'UserId' must contain a non-null value when exiting constructor. Consider adding the 'required' modifier or declaring the property as nullable. [F:\Workspaces\GreenHaven\GreenHaven.API\GreenHaven.API.csproj]
F:\Workspaces\GreenHaven\GreenHaven.API\DTOs\MessageDtos.cs(24,19): warning CS8618: Non-nullable property 'UserName' must contain a non-null value when exiting constructor. Consider adding the 'required' modifier or declaring the property as nullable. [F:\Workspaces\GreenHaven\GreenHaven.API\GreenHaven.API.csproj]
F:\Workspaces\GreenHaven\GreenHaven.API\DTOs\MessageDtos.cs(25,19): warning CS8618: Non-nullable property 'LastMessage' must contain a non-null value when exiting constructor. Consider adding the 'required' modifier or declaring the property as nullable. [F:\Workspaces\GreenHaven\GreenHaven.API\GreenHaven.API.csproj]
F:\Workspaces\GreenHaven\GreenHaven.API\Controllers\AuthController.cs(51,48): warning CS8604: Possible null reference argument for parameter 'user' in 'Task<string> AuthController.GenerateJwtToken(ApplicationUser user)'. [F:\Workspaces\GreenHaven\GreenHaven.API\GreenHaven.API.csproj]
F:\Workspaces\GreenHaven\GreenHaven.API\Extensions\ServiceExtensions.cs(58,84): warning CS8604: Possible null reference argument for parameter 's' in 'byte[] Encoding.GetBytes(string s)'. [F:\Workspaces\GreenHaven\GreenHaven.API\GreenHaven.API.csproj]
F:\Workspaces\GreenHaven\GreenHaven.API\Controllers\AuthController.cs(63,53): warning CS8604: Possible null reference argument for parameter 'userId' in 'Task<ApplicationUser?> UserManager<ApplicationUser>.FindByIdAsync(string userId)'. [F:\Workspaces\GreenHaven\GreenHaven.API\GreenHaven.API.csproj]
F:\Workspaces\GreenHaven\GreenHaven.API\Controllers\OrdersController.cs(36,21): warning CS8602: Dereference of a possibly null reference. [F:\Workspaces\GreenHaven\GreenHaven.API\GreenHaven.API.csproj]
F:\Workspaces\GreenHaven\GreenHaven.API\Controllers\AuthController.cs(91,53): warning CS8604: Possible null reference argument for parameter 'userId' in 'Task<ApplicationUser?> UserManager<ApplicationUser>.FindByIdAsync(string userId)'. [F:\Workspaces\GreenHaven\GreenHaven.API\GreenHaven.API.csproj]
F:\Workspaces\GreenHaven\GreenHaven.API\Extensions\ServiceExtensions.cs(73,37): error CS0234: The type or namespace name 'RateLimitPartition' does not exist in the namespace 'Microsoft.AspNetCore.RateLimiting' (are you missing an assembly reference?) [F:\Workspaces\GreenHaven\GreenHaven.API\GreenHaven.API.csproj]
F:\Workspaces\GreenHaven\GreenHaven.API\Data\DbInitializer.cs(99,30): warning CS0219: The variable 'isModified' is assigned but its value is never used [F:\Workspaces\GreenHaven\GreenHaven.API\GreenHaven.API.csproj]
F:\Workspaces\GreenHaven\GreenHaven.API\Controllers\AuthController.cs(113,54): warning CS8604: Possible null reference argument for parameter 'value' in 'Claim.Claim(string type, string value)'. [F:\Workspaces\GreenHaven\GreenHaven.API\GreenHaven.API.csproj]
F:\Workspaces\GreenHaven\GreenHaven.API\Controllers\AuthController.cs(125,67): warning CS8604: Possible null reference argument for parameter 's' in 'byte[] Encoding.GetBytes(string s)'. [F:\Workspaces\GreenHaven\GreenHaven.API\GreenHaven.API.csproj]
F:\Workspaces\GreenHaven\GreenHaven.API\Controllers\MessagesController.cs(153,34): warning CS8601: Possible null reference assignment. [F:\Workspaces\GreenHaven\GreenHaven.API\GreenHaven.API.csproj]

Build FAILED.

F:\Workspaces\GreenHaven\GreenHaven.API\Controllers\UsersController.cs(124,19): warning CS8618: Non-nullable property 'FullName' must contain a non-null value when exiting constructor. Consider adding the 'required' modifier or declaring the property as nullable. [F:\Workspaces\GreenHaven\GreenHaven.API\GreenHaven.API.csproj]
F:\Workspaces\GreenHaven\GreenHaven.API\Controllers\UsersController.cs(125,19): warning CS8618: Non-nullable property 'Email' must contain a non-null value when exiting constructor. Consider adding the 'required' modifier or declaring the property as nullable. [F:\Workspaces\GreenHaven\GreenHaven.API\GreenHaven.API.csproj]
F:\Workspaces\GreenHaven\GreenHaven.API\Controllers\UsersController.cs(126,19): warning CS8618: Non-nullable property 'Role' must contain a non-null value when exiting constructor. Consider adding the 'required' modifier or declaring the property as nullable. [F:\Workspaces\GreenHaven\GreenHaven.API\GreenHaven.API.csproj]
F:\Workspaces\GreenHaven\GreenHaven.API\DTOs\CreateOrderDto.cs(5,34): warning CS8618: Non-nullable property 'Items' must contain a non-null value when exiting constructor. Consider adding the 'required' modifier or declaring the property as nullable. [F:\Workspaces\GreenHaven\GreenHaven.API\GreenHaven.API.csproj]
F:\Workspaces\GreenHaven\GreenHaven.API\Entities\OrderItem.cs(15,22): warning CS8618: Non-nullable property 'Order' must contain a non-null value when exiting constructor. Consider adding the 'required' modifier or declaring the property as nullable. [F:\Workspaces\GreenHaven\GreenHaven.API\GreenHaven.API.csproj]
F:\Workspaces\GreenHaven\GreenHaven.API\Entities\OrderItem.cs(16,22): warning CS8618: Non-nullable property 'Plant' must contain a non-null value when exiting constructor. Consider adding the 'required' modifier or declaring the property as nullable. [F:\Workspaces\GreenHaven\GreenHaven.API\GreenHaven.API.csproj]
F:\Workspaces\GreenHaven\GreenHaven.API\DTOs\UpdateOrderDto.cs(5,23): warning CS8618: Non-nullable property 'Status' must contain a non-null value when exiting constructor. Consider adding the 'required' modifier or declaring the property as nullable. [F:\Workspaces\GreenHaven\GreenHaven.API\GreenHaven.API.csproj]
F:\Workspaces\GreenHaven\GreenHaven.API\Entities\ChatMessage.cs(13,19): warning CS8618: Non-nullable property 'SenderId' must contain a non-null value when exiting constructor. Consider adding the 'required' modifier or declaring the property as nullable. [F:\Workspaces\GreenHaven\GreenHaven.API\GreenHaven.API.csproj]
F:\Workspaces\GreenHaven\GreenHaven.API\Entities\ChatMessage.cs(15,28): warning CS8618: Non-nullable property 'Sender' must contain a non-null value when exiting constructor. Consider adding the 'required' modifier or declaring the property as nullable. [F:\Workspaces\GreenHaven\GreenHaven.API\GreenHaven.API.csproj]
F:\Workspaces\GreenHaven\GreenHaven.API\Entities\ChatMessage.cs(24,19): warning CS8618: Non-nullable property 'ConversationUserId' must contain a non-null value when exiting constructor. Consider adding the 'required' modifier or declaring the property as nullable. [F:\Workspaces\GreenHaven\GreenHaven.API\GreenHaven.API.csproj]
F:\Workspaces\GreenHaven\GreenHaven.API\Entities\ChatMessage.cs(26,28): warning CS8618: Non-nullable property 'ConversationUser' must contain a non-null value when exiting constructor. Consider adding the 'required' modifier or declaring the property as nullable. [F:\Workspaces\GreenHaven\GreenHaven.API\GreenHaven.API.csproj]
F:\Workspaces\GreenHaven\GreenHaven.API\Entities\ChatMessage.cs(29,19): warning CS8618: Non-nullable property 'Content' must contain a non-null value when exiting constructor. Consider adding the 'required' modifier or declaring the property as nullable. [F:\Workspaces\GreenHaven\GreenHaven.API\GreenHaven.API.csproj]
F:\Workspaces\GreenHaven\GreenHaven.API\Entities\Order.cs(8,23): warning CS8618: Non-nullable property 'UserId' must contain a non-null value when exiting constructor. Consider adding the 'required' modifier or declaring the property as nullable. [F:\Workspaces\GreenHaven\GreenHaven.API\GreenHaven.API.csproj]
F:\Workspaces\GreenHaven\GreenHaven.API\Entities\Order.cs(22,32): warning CS8618: Non-nullable property 'User' must contain a non-null value when exiting constructor. Consider adding the 'required' modifier or declaring the property as nullable. [F:\Workspaces\GreenHaven\GreenHaven.API\GreenHaven.API.csproj]
F:\Workspaces\GreenHaven\GreenHaven.API\Controllers\AuthController.cs(149,19): warning CS8618: Non-nullable property 'Email' must contain a non-null value when exiting constructor. Consider adding the 'required' modifier or declaring the property as nullable. [F:\Workspaces\GreenHaven\GreenHaven.API\GreenHaven.API.csproj]
F:\Workspaces\GreenHaven\GreenHaven.API\Controllers\AuthController.cs(150,19): warning CS8618: Non-nullable property 'Password' must contain a non-null value when exiting constructor. Consider adding the 'required' modifier or declaring the property as nullable. [F:\Workspaces\GreenHaven\GreenHaven.API\GreenHaven.API.csproj]
F:\Workspaces\GreenHaven\GreenHaven.API\Controllers\AuthController.cs(143,19): warning CS8618: Non-nullable property 'Email' must contain a non-null value when exiting constructor. Consider adding the 'required' modifier or declaring the property as nullable. [F:\Workspaces\GreenHaven\GreenHaven.API\GreenHaven.API.csproj]
F:\Workspaces\GreenHaven\GreenHaven.API\Controllers\AuthController.cs(144,19): warning CS8618: Non-nullable property 'Password' must contain a non-null value when exiting constructor. Consider adding the 'required' modifier or declaring the property as nullable. [F:\Workspaces\GreenHaven\GreenHaven.API\GreenHaven.API.csproj]
F:\Workspaces\GreenHaven\GreenHaven.API\DTOs\MessageDtos.cs(7,19): warning CS8618: Non-nullable property 'Content' must contain a non-null value when exiting constructor. Consider adding the 'required' modifier or declaring the property as nullable. [F:\Workspaces\GreenHaven\GreenHaven.API\GreenHaven.API.csproj]
F:\Workspaces\GreenHaven\GreenHaven.API\DTOs\MessageDtos.cs(14,19): warning CS8618: Non-nullable property 'SenderId' must contain a non-null value when exiting constructor. Consider adding the 'required' modifier or declaring the property as nullable. [F:\Workspaces\GreenHaven\GreenHaven.API\GreenHaven.API.csproj]
F:\Workspaces\GreenHaven\GreenHaven.API\DTOs\MessageDtos.cs(15,19): warning CS8618: Non-nullable property 'SenderName' must contain a non-null value when exiting constructor. Consider adding the 'required' modifier or declaring the property as nullable. [F:\Workspaces\GreenHaven\GreenHaven.API\GreenHaven.API.csproj]
F:\Workspaces\GreenHaven\GreenHaven.API\DTOs\MessageDtos.cs(16,19): warning CS8618: Non-nullable property 'Content' must contain a non-null value when exiting constructor. Consider adding the 'required' modifier or declaring the property as nullable. [F:\Workspaces\GreenHaven\GreenHaven.API\GreenHaven.API.csproj]
F:\Workspaces\GreenHaven\GreenHaven.API\DTOs\ErrorDetails.cs(8,19): warning CS8618: Non-nullable property 'Message' must contain a non-null value when exiting constructor. Consider adding the 'required' modifier or declaring the property as nullable. [F:\Workspaces\GreenHaven\GreenHaven.API\GreenHaven.API.csproj]
F:\Workspaces\GreenHaven\GreenHaven.API\DTOs\MessageDtos.cs(23,19): warning CS8618: Non-nullable property 'UserId' must contain a non-null value when exiting constructor. Consider adding the 'required' modifier or declaring the property as nullable. [F:\Workspaces\GreenHaven\GreenHaven.API\GreenHaven.API.csproj]
F:\Workspaces\GreenHaven\GreenHaven.API\DTOs\MessageDtos.cs(24,19): warning CS8618: Non-nullable property 'UserName' must contain a non-null value when exiting constructor. Consider adding the 'required' modifier or declaring the property as nullable. [F:\Workspaces\GreenHaven\GreenHaven.API\GreenHaven.API.csproj]
F:\Workspaces\GreenHaven\GreenHaven.API\DTOs\MessageDtos.cs(25,19): warning CS8618: Non-nullable property 'LastMessage' must contain a non-null value when exiting constructor. Consider adding the 'required' modifier or declaring the property as nullable. [F:\Workspaces\GreenHaven\GreenHaven.API\GreenHaven.API.csproj]
F:\Workspaces\GreenHaven\GreenHaven.API\Controllers\AuthController.cs(51,48): warning CS8604: Possible null reference argument for parameter 'user' in 'Task<string> AuthController.GenerateJwtToken(ApplicationUser user)'. [F:\Workspaces\GreenHaven\GreenHaven.API\GreenHaven.API.csproj]
F:\Workspaces\GreenHaven\GreenHaven.API\Extensions\ServiceExtensions.cs(58,84): warning CS8604: Possible null reference argument for parameter 's' in 'byte[] Encoding.GetBytes(string s)'. [F:\Workspaces\GreenHaven\GreenHaven.API\GreenHaven.API.csproj]
F:\Workspaces\GreenHaven\GreenHaven.API\Controllers\AuthController.cs(63,53): warning CS8604: Possible null reference argument for parameter 'userId' in 'Task<ApplicationUser?> UserManager<ApplicationUser>.FindByIdAsync(string userId)'. [F:\Workspaces\GreenHaven\GreenHaven.API\GreenHaven.API.csproj]
F:\Workspaces\GreenHaven\GreenHaven.API\Controllers\OrdersController.cs(36,21): warning CS8602: Dereference of a possibly null reference. [F:\Workspaces\GreenHaven\GreenHaven.API\GreenHaven.API.csproj]
F:\Workspaces\GreenHaven\GreenHaven.API\Controllers\AuthController.cs(91,53): warning CS8604: Possible null reference argument for parameter 'userId' in 'Task<ApplicationUser?> UserManager<ApplicationUser>.FindByIdAsync(string userId)'. [F:\Workspaces\GreenHaven\GreenHaven.API\GreenHaven.API.csproj]
F:\Workspaces\GreenHaven\GreenHaven.API\Data\DbInitializer.cs(99,30): warning CS0219: The variable 'isModified' is assigned but its value is never used [F:\Workspaces\GreenHaven\GreenHaven.API\GreenHaven.API.csproj]
F:\Workspaces\GreenHaven\GreenHaven.API\Controllers\AuthController.cs(113,54): warning CS8604: Possible null reference argument for parameter 'value' in 'Claim.Claim(string type, string value)'. [F:\Workspaces\GreenHaven\GreenHaven.API\GreenHaven.API.csproj]
F:\Workspaces\GreenHaven\GreenHaven.API\Controllers\AuthController.cs(125,67): warning CS8604: Possible null reference argument for parameter 's' in 'byte[] Encoding.GetBytes(string s)'. [F:\Workspaces\GreenHaven\GreenHaven.API\GreenHaven.API.csproj]
F:\Workspaces\GreenHaven\GreenHaven.API\Controllers\MessagesController.cs(153,34): warning CS8601: Possible null reference assignment. [F:\Workspaces\GreenHaven\GreenHaven.API\GreenHaven.API.csproj]
F:\Workspaces\GreenHaven\GreenHaven.API\Extensions\ServiceExtensions.cs(73,37): error CS0234: The type or namespace name 'RateLimitPartition' does not exist in the namespace 'Microsoft.AspNetCore.RateLimiting' (are you missing an assembly reference?) [F:\Workspaces\GreenHaven\GreenHaven.API\GreenHaven.API.csproj]
    35 Warning(s)
    1 Error(s)

Time Elapsed 00:00:01.14
